<?xml version="1.0" encoding="UTF-8"?>
<testsuite xmlns:xsi="http://www.w3.org/2001/XMLSchema-instance" xsi:noNamespaceSchemaLocation="https://maven.apache.org/surefire/maven-surefire-plugin/xsd/surefire-test-report.xsd" name="com.mycompany.curr.AppTest" time="0.032" tests="1" errors="0" skipped="0" failures="0">
  <properties>
    <property name="java.vm.info" value="mixed mode"/>
    <property name="file.encoding.pkg" value="sun.io"/>
    <property name="file.encoding" value="UTF-8"/>
    <property name="java.specification.name" value="Java Platform API Specification"/>
    <property name="sun.os.patch.level" value="unknown"/>
    <property name="user.dir" value="/home/sciera/gitprojects/Internship/my_currency_calculator/my_currency_calculator"/>
    <property name="line.separator" value="&#10;"/>
    <property name="java.home" value="/usr/local/java/jdk1.7.0_80/jre"/>
    <property name="user.name" value="sciera"/>
    <property name="sun.boot.library.path" value="/usr/local/java/jdk1.7.0_80/jre/lib/amd64"/>
    <property name="user.home" value="/home/sciera"/>
    <property name="localRepository" value="/home/sciera/.m2/repository"/>
    <property name="sun.java.launcher" value="SUN_STANDARD"/>
    <property name="java.class.version" value="51.0"/>
    <property name="user.language" value="en"/>
    <property name="java.vendor.url.bug" value="http://bugreport.sun.com/bugreport/"/>
    <property name="sun.jnu.encoding" value="UTF-8"/>
    <property name="java.io.tmpdir" value="/tmp"/>
    <property name="java.specification.vendor" value="Oracle Corporation"/>
    <property name="file.separator" value="/"/>
    <property name="java.class.path" value="/home/sciera/gitprojects/Internship/my_currency_calculator/my_currency_calculator/target/test-classes:/home/sciera/gitprojects/Internship/my_currency_calculator/my_currency_calculator/target/classes:/home/sciera/.m2/repository/junit/junit/4.11/junit-4.11.jar:/home/sciera/.m2/repository/org/hamcrest/hamcrest-core/1.3/hamcrest-core-1.3.jar:"/>
    <property name="java.vm.vendor" value="Oracle Corporation"/>
    <property name="sun.cpu.endian" value="little"/>
    <property name="java.vm.specification.vendor" value="Oracle Corporation"/>
    <property name="java.specification.version" value="1.7"/>
    <property name="awt.toolkit" value="sun.awt.X11.XToolkit"/>
    <property name="sun.java.command" value="/home/sciera/gitprojects/Internship/my_currency_calculator/my_currency_calculator/target/surefire/surefirebooter3614205988764295450.jar /home/sciera/gitprojects/Internship/my_currency_calculator/my_currency_calculator/target/surefire 2019-11-29T12-13-48_489-jvmRun1 surefire8297598246251708382tmp surefire_06689062103195012887tmp"/>
    <property name="user.timezone" value=""/>
    <property name="surefire.test.class.path" value="/home/sciera/gitprojects/Internship/my_currency_calculator/my_currency_calculator/target/test-classes:/home/sciera/gitprojects/Internship/my_currency_calculator/my_currency_calculator/target/classes:/home/sciera/.m2/repository/junit/junit/4.11/junit-4.11.jar:/home/sciera/.m2/repository/org/hamcrest/hamcrest-core/1.3/hamcrest-core-1.3.jar:"/>
    <property name="java.runtime.version" value="1.7.0_80-b15"/>
    <property name="java.vendor" value="Oracle Corporation"/>
    <property name="sun.management.compiler" value="HotSpot 64-Bit Tiered Compilers"/>
    <property name="sun.arch.data.model" value="64"/>
    <property name="os.arch" value="amd64"/>
    <property name="sun.io.unicode.encoding" value="UnicodeLittle"/>
    <property name="java.awt.printerjob" value="sun.print.PSPrinterJob"/>
    <property name="path.separator" value=":"/>
    <property name="java.runtime.name" value="Java(TM) SE Runtime Environment"/>
    <property name="java.vendor.url" value="http://java.oracle.com/"/>
    <property name="sun.boot.class.path" value="/usr/local/java/jdk1.7.0_80/jre/lib/resources.jar:/usr/local/java/jdk1.7.0_80/jre/lib/rt.jar:/usr/local/java/jdk1.7.0_80/jre/lib/sunrsasign.jar:/usr/local/java/jdk1.7.0_80/jre/lib/jsse.jar:/usr/local/java/jdk1.7.0_80/jre/lib/jce.jar:/usr/local/java/jdk1.7.0_80/jre/lib/charsets.jar:/usr/local/java/jdk1.7.0_80/jre/lib/jfr.jar:/usr/local/java/jdk1.7.0_80/jre/classes"/>
    <property name="surefire.real.class.path" value="/home/sciera/gitprojects/Internship/my_currency_calculator/my_currency_calculator/target/surefire/surefirebooter3614205988764295450.jar"/>
    <property name="java.endorsed.dirs" value="/usr/local/java/jdk1.7.0_80/jre/lib/endorsed"/>
    <property name="sun.desktop" value="gnome"/>
    <property name="java.vm.version" value="24.80-b11"/>
    <property name="os.name" value="Linux"/>
    <property name="java.vm.specification.version" value="1.7"/>
    <property name="sun.cpu.isalist" value=""/>
    <property name="java.version" value="1.7.0_80"/>
    <property name="java.vm.specification.name" value="Java Virtual Machine Specification"/>
    <property name="java.ext.dirs" value="/usr/local/java/jdk1.7.0_80/jre/lib/ext:/usr/java/packages/lib/ext"/>
    <property name="os.version" value="4.15.0-1029-oem"/>
    <property name="basedir" value="/home/sciera/gitprojects/Internship/my_currency_calculator/my_currency_calculator"/>
    <property name="java.library.path" value="/usr/java/packages/lib/amd64:/usr/lib64:/lib64:/lib:/usr/lib"/>
    <property name="java.awt.graphicsenv" value="sun.awt.X11GraphicsEnvironment"/>
    <property name="java.vm.name" value="Java HotSpot(TM) 64-Bit Server VM"/>
    <property name="user.country" value="IN"/>
  </properties>
  <testcase name="shouldAnswerWithTrue" classname="com.mycompany.curr.AppTest" time="0.002"/>
</testsuite>