<?xml version="1.0" encoding="UTF-8"?>
<!-- Generated by org.testng.reporters.JUnitReportReporter -->
<testsuite name="TestSampleClass" tests="2" time="0.006" ignored="0" failures="0" timestamp="12 Dec 2019 10:35:34 GMT" skipped="0" hostname="kritter" errors="0">
  <testcase name="testMergeStrings" time="0.006" classname="TestSampleClass"/>
  <testcase name="testMergeStringsWithDash" time="0.000" classname="TestSampleClass"/>
</testsuite> <!-- TestSampleClass -->
